
> Configure project :
The StartParameter.isConfigurationCacheRequested property has been deprecated. This is scheduled to be removed in Gradle 10.0. Please use 'configurationCache.requested' property on 'BuildFeatures' service instead. Consult the upgrading guide for further information: https://docs.gradle.org/8.14.3/userguide/upgrading_version_8.html#deprecated_startparameter_is_configuration_cache_requested

> Task :checkKotlinGradlePluginConfigurationErrors

> Task :compileKotlin FAILED
./gradlew : e: file:///C:/ws-sts/PontoApi/ponto-o
nline-api/src/main/kotlin/br/com/ponto/online/ser
vico/CalculoHorasServico.kt:80:29 Type mismatch: 
inferred type is Long but Int was expected
No linha:1 caractere:1
+ ./gradlew compileKotlin --warning-mode all 
2>&1 | Out-File -Encoding  ...
+ ~~~~~~~~~~~~~~~~~~~~~~~~~~~~~~~~~~~~~~~~~~~~~~~
    + CategoryInfo          : NotSpecified: (e:  
   file:///C:/w...nt was expected:String) [], R  
  emoteException
    + FullyQualifiedErrorId : NativeCommandError
 

[Incubating] Problems report is available at: file:///C:/ws-sts/PontoApi/ponto-online-api/build/reports/problems/problems-report.html

FAILURE: Build failed with an exception.

* What went wrong:
Execution failed for task ':compileKotlin'.
> A failure occurred while executing org.jetbrain
s.kotlin.compilerRunner.GradleCompilerRunnerWithW
orkers$GradleKotlinCompilerWorkAction
   > Compilation error. See log for more details

* Try:
> Run with --stacktrace option to get the stack 
trace.
> Run with --info or --debug option to get more 
log output.
> Run with --scan to get full insights.
> Get more help at https://help.gradle.org.

BUILD FAILED in 2s
2 actionable tasks: 2 executed
